2026-04-14 09:00:01 INFO Server started
2026-04-14 09:01:15 INFO Health check passed
2026-04-14 09:02:20 ERROR Database connection failed
2026-04-14 09:03:45 INFO User login successful
2026-04-14 09:05:12 FAILED LOGIN attempt from 192.168.1.10
2026-04-14 09:06:30 INFO Cache cleared
2026-04-14 09:08:55 CRITICAL Disk space low
2026-04-14 09:10:10 INFO Scheduled backup completed
2026-04-14 09:12:25 ERROR API timeout occurred
2026-04-14 09:14:00 INFO New user registered
2026-04-14 09:15:30 FAILED LOGIN attempt from 192.168.1.12
2026-04-14 09:17:45 INFO Session expired
2026-04-14 09:19:20 CRITICAL Memory leak detected
2026-04-14 09:21:35 INFO Background job executed
2026-04-14 09:23:10 ERROR Failed to load configuration
2026-04-14 09:25:55 INFO System running normally
2026-04-14 09:27:30 FAILED LOGIN attempt from 192.168.1.15
2026-04-14 09:29:05 INFO File uploaded successfully
2026-04-14 09:30:40 CRITICAL CPU usage at 100%
2026-04-14 09:32:15 INFO Connection established
2026-04-14 09:34:50 ERROR Unauthorized access attempt
2026-04-14 09:36:25 INFO User logged out
2026-04-14 09:38:00 FAILED LOGIN attempt from 192.168.1.18
2026-04-14 09:40:35 INFO Backup verification done
2026-04-14 09:42:10 CRITICAL Network failure detected
2026-04-14 09:44:45 INFO Service restarted
2026-04-14 09:46:20 ERROR Disk read failure
2026-04-14 09:48:55 INFO Metrics collected
2026-04-14 09:50:30 FAILED LOGIN attempt from 192.168.1.20
2026-04-14 09:52:05 INFO Cache warmed up
2026-04-14 09:54:40 CRITICAL Power supply unstable
2026-04-14 09:56:15 INFO Configuration updated
2026-04-14 09:58:50 ERROR Failed to authenticate user
2026-04-14 10:00:25 INFO System stable
2026-04-14 10:02:00 FAILED LOGIN attempt from 192.168.1.25
2026-04-14 10:04:35 INFO New connection opened
2026-04-14 10:06:10 CRITICAL Data corruption detected
2026-04-14 10:08:45 INFO Health check passed
2026-04-14 10:10:20 ERROR Service unavailable
2026-04-14 10:12:55 INFO User session active
2026-04-14 10:14:30 FAILED LOGIN attempt from 192.168.1.30
2026-04-14 10:16:05 INFO Scheduled task executed
2026-04-14 10:18:40 CRITICAL Kernel panic detected
2026-04-14 10:20:15 INFO Monitoring active
2026-04-14 10:22:50 ERROR File write error
2026-04-14 10:24:25 INFO Email sent successfully
2026-04-14 10:26:00 FAILED LOGIN attempt from 192.168.1.35
2026-04-14 10:28:35 INFO Resource usage normal
2026-04-14 10:30:10 CRITICAL Database crash detected
2026-04-14 10:32:45 INFO System rebooted
2026-04-14 10:34:20 ERROR Timeout while connecting
2026-04-14 10:36:55 INFO Backup started
2026-04-14 10:38:30 FAILED LOGIN attempt from 192.168.1.40
2026-04-14 10:40:05 INFO Logs rotated
2026-04-14 10:42:40 CRITICAL Security breach suspected
2026-04-14 10:44:15 INFO Firewall rules updated
2026-04-14 10:46:50 ERROR Invalid input received
2026-04-14 10:48:25 INFO Cleanup completed
2026-04-14 10:50:00 FAILED LOGIN attempt from 192.168.1.45
2026-04-14 10:52:35 INFO All systems operational